BTR_V100_32env_rr1_bs64_persplit4_ms2 Phoenix avg score 320.00 total_steps 16800 fps 303.29
BTR_V100_32env_rr1_bs64_persplit4_ms2 Phoenix avg score 320.00 total_steps 19200 fps 343.08
BTR_V100_32env_rr1_bs64_persplit4_ms2 Phoenix avg score 320.00 total_steps 21600 fps 343.13
BTR_V100_32env_rr1_bs64_persplit4_ms2 Phoenix avg score 575.00 total_steps 24000 fps 341.94
BTR_V100_32env_rr1_bs64_persplit4_ms2 Phoenix avg score 520.00 total_steps 26400 fps 335.66
BTR_V100_32env_rr1_bs64_persplit4_ms2 Phoenix avg score 621.11 total_steps 28800 fps 334.45
BTR_V100_32env_rr1_bs64_persplit4_ms2 Phoenix avg score 591.82 total_steps 31200 fps 341.16
BTR_V100_32env_rr1_bs64_persplit4_ms2 Phoenix avg score 551.33 total_steps 33600 fps 340.03
BTR_V100_32env_rr1_bs64_persplit4_ms2 Phoenix avg score 549.38 total_steps 36000 fps 336.05
BTR_V100_32env_rr1_bs64_persplit4_ms2 Phoenix avg score 611.18 total_steps 38400 fps 342.90
BTR_V100_32env_rr1_bs64_persplit4_ms2 Phoenix avg score 611.18 total_steps 40800 fps 342.94
BTR_V100_32env_rr1_bs64_persplit4_ms2 Phoenix avg score 692.50 total_steps 43200 fps 340.76
BTR_V100_32env_rr1_bs64_persplit4_ms2 Phoenix avg score 639.58 total_steps 45600 fps 335.43
BTR_V100_32env_rr1_bs64_persplit4_ms2 Phoenix avg score 639.58 total_steps 48000 fps 342.20
BTR_V100_32env_rr1_bs64_persplit4_ms2 Phoenix avg score 681.92 total_steps 50400 fps 342.70
BTR_V100_32env_rr1_bs64_persplit4_ms2 Phoenix avg score 664.64 total_steps 52800 fps 343.12
BTR_V100_32env_rr1_bs64_persplit4_ms2 Phoenix avg score 664.64 total_steps 55200 fps 343.57
BTR_V100_32env_rr1_bs64_persplit4_ms2 Phoenix avg score 664.64 total_steps 57600 fps 336.19
BTR_V100_32env_rr1_bs64_persplit4_ms2 Phoenix avg score 701.67 total_steps 60000 fps 342.17
BTR_V100_32env_rr1_bs64_persplit4_ms2 Phoenix avg score 695.81 total_steps 62400 fps 341.28
BTR_V100_32env_rr1_bs64_persplit4_ms2 Phoenix avg score 684.69 total_steps 64800 fps 342.06
BTR_V100_32env_rr1_bs64_persplit4_ms2 Phoenix avg score 693.64 total_steps 67200 fps 336.21
BTR_V100_32env_rr1_bs64_persplit4_ms2 Phoenix avg score 754.71 total_steps 69600 fps 342.78
BTR_V100_32env_rr1_bs64_persplit4_ms2 Phoenix avg score 751.39 total_steps 72000 fps 341.62
BTR_V100_32env_rr1_bs64_persplit4_ms2 Phoenix avg score 726.58 total_steps 74400 fps 342.06
BTR_V100_32env_rr1_bs64_persplit4_ms2 Phoenix avg score 718.21 total_steps 76800 fps 342.44
BTR_V100_32env_rr1_bs64_persplit4_ms2 Phoenix avg score 718.21 total_steps 79200 fps 337.33
BTR_V100_32env_rr1_bs64_persplit4_ms2 Phoenix avg score 718.21 total_steps 81600 fps 344.17
BTR_V100_32env_rr1_bs64_persplit4_ms2 Phoenix avg score 718.21 total_steps 84000 fps 344.22
BTR_V100_32env_rr1_bs64_persplit4_ms2 Phoenix avg score 718.21 total_steps 86400 fps 344.25
BTR_V100_32env_rr1_bs64_persplit4_ms2 Phoenix avg score 718.21 total_steps 88800 fps 337.09
BTR_V100_32env_rr1_bs64_persplit4_ms2 Phoenix avg score 704.63 total_steps 91200 fps 342.12
BTR_V100_32env_rr1_bs64_persplit4_ms2 Phoenix avg score 704.63 total_steps 93600 fps 343.77
BTR_V100_32env_rr1_bs64_persplit4_ms2 Phoenix avg score 704.63 total_steps 96000 fps 343.73
BTR_V100_32env_rr1_bs64_persplit4_ms2 Phoenix avg score 704.63 total_steps 98400 fps 344.18
BTR_V100_32env_rr1_bs64_persplit4_ms2 Phoenix avg score 704.63 total_steps 100800 fps 336.94
BTR_V100_32env_rr1_bs64_persplit4_ms2 Phoenix avg score 704.63 total_steps 103200 fps 343.86
BTR_V100_32env_rr1_bs64_persplit4_ms2 Phoenix avg score 704.63 total_steps 105600 fps 343.39
BTR_V100_32env_rr1_bs64_persplit4_ms2 Phoenix avg score 704.63 total_steps 108000 fps 342.04
BTR_V100_32env_rr1_bs64_persplit4_ms2 Phoenix avg score 704.63 total_steps 110400 fps 334.15
BTR_V100_32env_rr1_bs64_persplit4_ms2 Phoenix avg score 704.63 total_steps 112800 fps 342.60
BTR_V100_32env_rr1_bs64_persplit4_ms2 Phoenix avg score 704.63 total_steps 115200 fps 343.37
BTR_V100_32env_rr1_bs64_persplit4_ms2 Phoenix avg score 704.63 total_steps 117600 fps 343.21
BTR_V100_32env_rr1_bs64_persplit4_ms2 Phoenix avg score 704.63 total_steps 120000 fps 336.88
BTR_V100_32env_rr1_bs64_persplit4_ms2 Phoenix avg score 704.63 total_steps 122400 fps 343.69
BTR_V100_32env_rr1_bs64_persplit4_ms2 Phoenix avg score 704.63 total_steps 124800 fps 343.37
BTR_V100_32env_rr1_bs64_persplit4_ms2 Phoenix avg score 704.63 total_steps 127200 fps 343.29
BTR_V100_32env_rr1_bs64_persplit4_ms2 Phoenix avg score 704.63 total_steps 129600 fps 342.78
BTR_V100_32env_rr1_bs64_persplit4_ms2 Phoenix avg score 704.63 total_steps 132000 fps 337.18
BTR_V100_32env_rr1_bs64_persplit4_ms2 Phoenix avg score 698.81 total_steps 134400 fps 342.38
BTR_V100_32env_rr1_bs64_persplit4_ms2 Phoenix avg score 694.65 total_steps 136800 fps 342.51
BTR_V100_32env_rr1_bs64_persplit4_ms2 Phoenix avg score 687.50 total_steps 139200 fps 341.13
BTR_V100_32env_rr1_bs64_persplit4_ms2 Phoenix avg score 682.44 total_steps 141600 fps 332.63
BTR_V100_32env_rr1_bs64_persplit4_ms2 Phoenix avg score 681.70 total_steps 144000 fps 335.82
BTR_V100_32env_rr1_bs64_persplit4_ms2 Phoenix avg score 681.70 total_steps 146400 fps 339.98
BTR_V100_32env_rr1_bs64_persplit4_ms2 Phoenix avg score 733.20 total_steps 148800 fps 337.48
BTR_V100_32env_rr1_bs64_persplit4_ms2 Phoenix avg score 733.20 total_steps 151200 fps 341.97
BTR_V100_32env_rr1_bs64_persplit4_ms2 Phoenix avg score 776.80 total_steps 153600 fps 334.62
BTR_V100_32env_rr1_bs64_persplit4_ms2 Phoenix avg score 795.60 total_steps 156000 fps 339.81
BTR_V100_32env_rr1_bs64_persplit4_ms2 Phoenix avg score 825.20 total_steps 158400 fps 340.93
BTR_V100_32env_rr1_bs64_persplit4_ms2 Phoenix avg score 825.20 total_steps 160800 fps 342.21
BTR_V100_32env_rr1_bs64_persplit4_ms2 Phoenix avg score 825.20 total_steps 163200 fps 336.69
BTR_V100_32env_rr1_bs64_persplit4_ms2 Phoenix avg score 806.80 total_steps 165600 fps 342.59
BTR_V100_32env_rr1_bs64_persplit4_ms2 Phoenix avg score 806.80 total_steps 168000 fps 343.63
BTR_V100_32env_rr1_bs64_persplit4_ms2 Phoenix avg score 802.40 total_steps 170400 fps 341.49
BTR_V100_32env_rr1_bs64_persplit4_ms2 Phoenix avg score 802.40 total_steps 172800 fps 337.29
BTR_V100_32env_rr1_bs64_persplit4_ms2 Phoenix avg score 802.40 total_steps 175200 fps 343.94
BTR_V100_32env_rr1_bs64_persplit4_ms2 Phoenix avg score 802.40 total_steps 177600 fps 343.66
BTR_V100_32env_rr1_bs64_persplit4_ms2 Phoenix avg score 802.40 total_steps 180000 fps 343.78
BTR_V100_32env_rr1_bs64_persplit4_ms2 Phoenix avg score 802.40 total_steps 182400 fps 343.48
BTR_V100_32env_rr1_bs64_persplit4_ms2 Phoenix avg score 802.40 total_steps 184800 fps 337.46
BTR_V100_32env_rr1_bs64_persplit4_ms2 Phoenix avg score 802.40 total_steps 187200 fps 343.68
BTR_V100_32env_rr1_bs64_persplit4_ms2 Phoenix avg score 802.40 total_steps 189600 fps 343.31
BTR_V100_32env_rr1_bs64_persplit4_ms2 Phoenix avg score 802.40 total_steps 192000 fps 343.89
BTR_V100_32env_rr1_bs64_persplit4_ms2 Phoenix avg score 802.40 total_steps 194400 fps 336.56
BTR_V100_32env_rr1_bs64_persplit4_ms2 Phoenix avg score 802.40 total_steps 196800 fps 341.72
BTR_V100_32env_rr1_bs64_persplit4_ms2 Phoenix avg score 802.40 total_steps 199200 fps 341.78
BTR_V100_32env_rr1_bs64_persplit4_ms2 Phoenix avg score 802.40 total_steps 201600 fps 235.18
BTR_V100_32env_rr1_bs64_persplit4_ms2 Phoenix avg score 802.40 total_steps 204000 fps 233.77
BTR_V100_32env_rr1_bs64_persplit4_ms2 Phoenix avg score 802.40 total_steps 206400 fps 236.82
BTR_V100_32env_rr1_bs64_persplit4_ms2 Phoenix avg score 802.40 total_steps 208800 fps 236.78
BTR_V100_32env_rr1_bs64_persplit4_ms2 Phoenix avg score 802.40 total_steps 211200 fps 234.23
BTR_V100_32env_rr1_bs64_persplit4_ms2 Phoenix avg score 802.40 total_steps 213600 fps 236.80
BTR_V100_32env_rr1_bs64_persplit4_ms2 Phoenix avg score 802.40 total_steps 216000 fps 237.15
BTR_V100_32env_rr1_bs64_persplit4_ms2 Phoenix avg score 802.40 total_steps 218400 fps 234.38
BTR_V100_32env_rr1_bs64_persplit4_ms2 Phoenix avg score 802.40 total_steps 220800 fps 237.01
BTR_V100_32env_rr1_bs64_persplit4_ms2 Phoenix avg score 802.40 total_steps 223200 fps 236.82
BTR_V100_32env_rr1_bs64_persplit4_ms2 Phoenix avg score 802.40 total_steps 225600 fps 234.16
BTR_V100_32env_rr1_bs64_persplit4_ms2 Phoenix avg score 802.40 total_steps 228000 fps 237.00
BTR_V100_32env_rr1_bs64_persplit4_ms2 Phoenix avg score 802.40 total_steps 230400 fps 236.91
BTR_V100_32env_rr1_bs64_persplit4_ms2 Phoenix avg score 802.40 total_steps 232800 fps 234.04
BTR_V100_32env_rr1_bs64_persplit4_ms2 Phoenix avg score 802.40 total_steps 235200 fps 236.64
BTR_V100_32env_rr1_bs64_persplit4_ms2 Phoenix avg score 802.40 total_steps 237600 fps 236.83
BTR_V100_32env_rr1_bs64_persplit4_ms2 Phoenix avg score 802.40 total_steps 240000 fps 234.04
BTR_V100_32env_rr1_bs64_persplit4_ms2 Phoenix avg score 802.40 total_steps 242400 fps 237.14
BTR_V100_32env_rr1_bs64_persplit4_ms2 Phoenix avg score 802.40 total_steps 244800 fps 237.08
BTR_V100_32env_rr1_bs64_persplit4_ms2 Phoenix avg score 802.40 total_steps 247200 fps 234.46
BTR_V100_32env_rr1_bs64_persplit4_ms2 Phoenix avg score 801.60 total_steps 249600 fps 236.36
BTR_V100_32env_rr1_bs64_persplit4_ms2 Phoenix avg score 801.60 total_steps 252000 fps 236.73
BTR_V100_32env_rr1_bs64_persplit4_ms2 Phoenix avg score 801.20 total_steps 254400 fps 233.42
BTR_V100_32env_rr1_bs64_persplit4_ms2 Phoenix avg score 820.00 total_steps 256800 fps 236.11
BTR_V100_32env_rr1_bs64_persplit4_ms2 Phoenix avg score 820.00 total_steps 259200 fps 236.75
BTR_V100_32env_rr1_bs64_persplit4_ms2 Phoenix avg score 820.00 total_steps 261600 fps 233.91
BTR_V100_32env_rr1_bs64_persplit4_ms2 Phoenix avg score 820.00 total_steps 264000 fps 236.44
BTR_V100_32env_rr1_bs64_persplit4_ms2 Phoenix avg score 820.00 total_steps 266400 fps 236.58
BTR_V100_32env_rr1_bs64_persplit4_ms2 Phoenix avg score 820.00 total_steps 268800 fps 233.89
BTR_V100_32env_rr1_bs64_persplit4_ms2 Phoenix avg score 820.00 total_steps 271200 fps 236.73
BTR_V100_32env_rr1_bs64_persplit4_ms2 Phoenix avg score 820.00 total_steps 273600 fps 236.90
BTR_V100_32env_rr1_bs64_persplit4_ms2 Phoenix avg score 820.00 total_steps 276000 fps 234.17
BTR_V100_32env_rr1_bs64_persplit4_ms2 Phoenix avg score 820.00 total_steps 278400 fps 236.64
BTR_V100_32env_rr1_bs64_persplit4_ms2 Phoenix avg score 820.00 total_steps 280800 fps 237.00
BTR_V100_32env_rr1_bs64_persplit4_ms2 Phoenix avg score 820.00 total_steps 283200 fps 233.66
BTR_V100_32env_rr1_bs64_persplit4_ms2 Phoenix avg score 820.00 total_steps 285600 fps 236.42
BTR_V100_32env_rr1_bs64_persplit4_ms2 Phoenix avg score 820.00 total_steps 288000 fps 235.59
BTR_V100_32env_rr1_bs64_persplit4_ms2 Phoenix avg score 820.00 total_steps 290400 fps 233.42
BTR_V100_32env_rr1_bs64_persplit4_ms2 Phoenix avg score 820.00 total_steps 292800 fps 236.39
BTR_V100_32env_rr1_bs64_persplit4_ms2 Phoenix avg score 820.00 total_steps 295200 fps 236.75
BTR_V100_32env_rr1_bs64_persplit4_ms2 Phoenix avg score 820.00 total_steps 297600 fps 233.68
BTR_V100_32env_rr1_bs64_persplit4_ms2 Phoenix avg score 819.20 total_steps 300000 fps 236.32
BTR_V100_32env_rr1_bs64_persplit4_ms2 Phoenix avg score 819.20 total_steps 302400 fps 236.96
BTR_V100_32env_rr1_bs64_persplit4_ms2 Phoenix avg score 817.60 total_steps 304800 fps 233.65
BTR_V100_32env_rr1_bs64_persplit4_ms2 Phoenix avg score 815.60 total_steps 307200 fps 235.60
BTR_V100_32env_rr1_bs64_persplit4_ms2 Phoenix avg score 794.00 total_steps 309600 fps 236.40
BTR_V100_32env_rr1_bs64_persplit4_ms2 Phoenix avg score 794.00 total_steps 312000 fps 233.40
BTR_V100_32env_rr1_bs64_persplit4_ms2 Phoenix avg score 802.00 total_steps 314400 fps 235.97
BTR_V100_32env_rr1_bs64_persplit4_ms2 Phoenix avg score 757.20 total_steps 316800 fps 235.22
BTR_V100_32env_rr1_bs64_persplit4_ms2 Phoenix avg score 788.00 total_steps 319200 fps 232.50
BTR_V100_32env_rr1_bs64_persplit4_ms2 Phoenix avg score 749.00 total_steps 321600 fps 234.58
BTR_V100_32env_rr1_bs64_persplit4_ms2 Phoenix avg score 750.80 total_steps 324000 fps 234.59
BTR_V100_32env_rr1_bs64_persplit4_ms2 Phoenix avg score 780.20 total_steps 326400 fps 233.01
BTR_V100_32env_rr1_bs64_persplit4_ms2 Phoenix avg score 790.20 total_steps 328800 fps 234.97
BTR_V100_32env_rr1_bs64_persplit4_ms2 Phoenix avg score 804.20 total_steps 331200 fps 235.33
BTR_V100_32env_rr1_bs64_persplit4_ms2 Phoenix avg score 804.20 total_steps 333600 fps 233.93
BTR_V100_32env_rr1_bs64_persplit4_ms2 Phoenix avg score 823.20 total_steps 336000 fps 235.92
BTR_V100_32env_rr1_bs64_persplit4_ms2 Phoenix avg score 803.40 total_steps 338400 fps 235.10
BTR_V100_32env_rr1_bs64_persplit4_ms2 Phoenix avg score 751.00 total_steps 340800 fps 231.58
BTR_V100_32env_rr1_bs64_persplit4_ms2 Phoenix avg score 676.60 total_steps 343200 fps 234.51
BTR_V100_32env_rr1_bs64_persplit4_ms2 Phoenix avg score 654.60 total_steps 345600 fps 235.49
BTR_V100_32env_rr1_bs64_persplit4_ms2 Phoenix avg score 671.40 total_steps 348000 fps 232.18
BTR_V100_32env_rr1_bs64_persplit4_ms2 Phoenix avg score 679.20 total_steps 350400 fps 233.07
BTR_V100_32env_rr1_bs64_persplit4_ms2 Phoenix avg score 733.00 total_steps 352800 fps 233.14
BTR_V100_32env_rr1_bs64_persplit4_ms2 Phoenix avg score 724.60 total_steps 355200 fps 230.67
BTR_V100_32env_rr1_bs64_persplit4_ms2 Phoenix avg score 698.20 total_steps 357600 fps 234.63
BTR_V100_32env_rr1_bs64_persplit4_ms2 Phoenix avg score 698.20 total_steps 360000 fps 235.47
BTR_V100_32env_rr1_bs64_persplit4_ms2 Phoenix avg score 711.20 total_steps 362400 fps 232.77
BTR_V100_32env_rr1_bs64_persplit4_ms2 Phoenix avg score 738.20 total_steps 364800 fps 234.58
BTR_V100_32env_rr1_bs64_persplit4_ms2 Phoenix avg score 738.20 total_steps 367200 fps 236.26
BTR_V100_32env_rr1_bs64_persplit4_ms2 Phoenix avg score 687.60 total_steps 369600 fps 232.73
BTR_V100_32env_rr1_bs64_persplit4_ms2 Phoenix avg score 682.00 total_steps 372000 fps 235.23
BTR_V100_32env_rr1_bs64_persplit4_ms2 Phoenix avg score 674.60 total_steps 374400 fps 234.30
BTR_V100_32env_rr1_bs64_persplit4_ms2 Phoenix avg score 690.20 total_steps 376800 fps 231.89
BTR_V100_32env_rr1_bs64_persplit4_ms2 Phoenix avg score 674.00 total_steps 379200 fps 234.50
BTR_V100_32env_rr1_bs64_persplit4_ms2 Phoenix avg score 706.60 total_steps 381600 fps 233.71
BTR_V100_32env_rr1_bs64_persplit4_ms2 Phoenix avg score 709.40 total_steps 384000 fps 232.18
BTR_V100_32env_rr1_bs64_persplit4_ms2 Phoenix avg score 784.00 total_steps 386400 fps 233.37
BTR_V100_32env_rr1_bs64_persplit4_ms2 Phoenix avg score 737.40 total_steps 388800 fps 233.65
BTR_V100_32env_rr1_bs64_persplit4_ms2 Phoenix avg score 679.60 total_steps 391200 fps 231.87
BTR_V100_32env_rr1_bs64_persplit4_ms2 Phoenix avg score 702.00 total_steps 393600 fps 235.29
BTR_V100_32env_rr1_bs64_persplit4_ms2 Phoenix avg score 702.00 total_steps 396000 fps 235.78
BTR_V100_32env_rr1_bs64_persplit4_ms2 Phoenix avg score 744.40 total_steps 398400 fps 231.92
BTR_V100_32env_rr1_bs64_persplit4_ms2 Phoenix avg score 748.40 total_steps 400800 fps 235.54
BTR_V100_32env_rr1_bs64_persplit4_ms2 Phoenix avg score 692.60 total_steps 403200 fps 234.81
BTR_V100_32env_rr1_bs64_persplit4_ms2 Phoenix avg score 695.40 total_steps 405600 fps 233.06
BTR_V100_32env_rr1_bs64_persplit4_ms2 Phoenix avg score 645.60 total_steps 408000 fps 233.86
BTR_V100_32env_rr1_bs64_persplit4_ms2 Phoenix avg score 683.40 total_steps 410400 fps 233.47
BTR_V100_32env_rr1_bs64_persplit4_ms2 Phoenix avg score 692.00 total_steps 412800 fps 231.73
BTR_V100_32env_rr1_bs64_persplit4_ms2 Phoenix avg score 722.40 total_steps 415200 fps 233.57
BTR_V100_32env_rr1_bs64_persplit4_ms2 Phoenix avg score 699.60 total_steps 417600 fps 234.05
BTR_V100_32env_rr1_bs64_persplit4_ms2 Phoenix avg score 707.20 total_steps 420000 fps 232.46
BTR_V100_32env_rr1_bs64_persplit4_ms2 Phoenix avg score 684.60 total_steps 422400 fps 235.14
BTR_V100_32env_rr1_bs64_persplit4_ms2 Phoenix avg score 725.00 total_steps 424800 fps 236.04
BTR_V100_32env_rr1_bs64_persplit4_ms2 Phoenix avg score 767.60 total_steps 427200 fps 232.09
BTR_V100_32env_rr1_bs64_persplit4_ms2 Phoenix avg score 777.20 total_steps 429600 fps 234.50
BTR_V100_32env_rr1_bs64_persplit4_ms2 Phoenix avg score 819.80 total_steps 432000 fps 234.83
BTR_V100_32env_rr1_bs64_persplit4_ms2 Phoenix avg score 789.00 total_steps 434400 fps 232.35
BTR_V100_32env_rr1_bs64_persplit4_ms2 Phoenix avg score 797.20 total_steps 436800 fps 235.53
BTR_V100_32env_rr1_bs64_persplit4_ms2 Phoenix avg score 792.20 total_steps 439200 fps 234.14
BTR_V100_32env_rr1_bs64_persplit4_ms2 Phoenix avg score 821.20 total_steps 441600 fps 233.52
BTR_V100_32env_rr1_bs64_persplit4_ms2 Phoenix avg score 820.60 total_steps 444000 fps 235.13
BTR_V100_32env_rr1_bs64_persplit4_ms2 Phoenix avg score 831.40 total_steps 446400 fps 231.78
BTR_V100_32env_rr1_bs64_persplit4_ms2 Phoenix avg score 853.40 total_steps 448800 fps 235.41
BTR_V100_32env_rr1_bs64_persplit4_ms2 Phoenix avg score 887.00 total_steps 451200 fps 235.07
BTR_V100_32env_rr1_bs64_persplit4_ms2 Phoenix avg score 876.00 total_steps 453600 fps 232.79
BTR_V100_32env_rr1_bs64_persplit4_ms2 Phoenix avg score 822.60 total_steps 456000 fps 234.85
BTR_V100_32env_rr1_bs64_persplit4_ms2 Phoenix avg score 804.80 total_steps 458400 fps 236.23
BTR_V100_32env_rr1_bs64_persplit4_ms2 Phoenix avg score 867.20 total_steps 460800 fps 233.97
BTR_V100_32env_rr1_bs64_persplit4_ms2 Phoenix avg score 877.20 total_steps 463200 fps 235.99
BTR_V100_32env_rr1_bs64_persplit4_ms2 Phoenix avg score 871.20 total_steps 465600 fps 236.41
BTR_V100_32env_rr1_bs64_persplit4_ms2 Phoenix avg score 801.60 total_steps 468000 fps 233.19
BTR_V100_32env_rr1_bs64_persplit4_ms2 Phoenix avg score 761.20 total_steps 470400 fps 235.55
BTR_V100_32env_rr1_bs64_persplit4_ms2 Phoenix avg score 700.00 total_steps 472800 fps 235.32
BTR_V100_32env_rr1_bs64_persplit4_ms2 Phoenix avg score 696.40 total_steps 475200 fps 232.73
BTR_V100_32env_rr1_bs64_persplit4_ms2 Phoenix avg score 694.00 total_steps 477600 fps 236.04
BTR_V100_32env_rr1_bs64_persplit4_ms2 Phoenix avg score 693.40 total_steps 480000 fps 234.84
BTR_V100_32env_rr1_bs64_persplit4_ms2 Phoenix avg score 640.00 total_steps 482400 fps 232.65
BTR_V100_32env_rr1_bs64_persplit4_ms2 Phoenix avg score 620.40 total_steps 484800 fps 235.81
BTR_V100_32env_rr1_bs64_persplit4_ms2 Phoenix avg score 642.40 total_steps 487200 fps 235.71
BTR_V100_32env_rr1_bs64_persplit4_ms2 Phoenix avg score 624.00 total_steps 489600 fps 233.02
BTR_V100_32env_rr1_bs64_persplit4_ms2 Phoenix avg score 622.80 total_steps 492000 fps 235.18
BTR_V100_32env_rr1_bs64_persplit4_ms2 Phoenix avg score 618.60 total_steps 494400 fps 234.69
BTR_V100_32env_rr1_bs64_persplit4_ms2 Phoenix avg score 583.80 total_steps 496800 fps 233.14
BTR_V100_32env_rr1_bs64_persplit4_ms2 Phoenix avg score 626.40 total_steps 499200 fps 236.07
BTR_V100_32env_rr1_bs64_persplit4_ms2 Phoenix avg score 603.20 total_steps 501600 fps 235.08
BTR_V100_32env_rr1_bs64_persplit4_ms2 Phoenix avg score 602.40 total_steps 504000 fps 231.26
BTR_V100_32env_rr1_bs64_persplit4_ms2 Phoenix avg score 593.60 total_steps 506400 fps 236.18
BTR_V100_32env_rr1_bs64_persplit4_ms2 Phoenix avg score 600.80 total_steps 508800 fps 236.22
BTR_V100_32env_rr1_bs64_persplit4_ms2 Phoenix avg score 600.80 total_steps 511200 fps 233.05
BTR_V100_32env_rr1_bs64_persplit4_ms2 Phoenix avg score 600.80 total_steps 513600 fps 236.16
BTR_V100_32env_rr1_bs64_persplit4_ms2 Phoenix avg score 606.40 total_steps 516000 fps 235.85
BTR_V100_32env_rr1_bs64_persplit4_ms2 Phoenix avg score 560.60 total_steps 518400 fps 232.04
Completed 10000 gradient steps
BTR_V100_32env_rr1_bs64_persplit4_ms2 Phoenix avg score 556.20 total_steps 520800 fps 235.00
BTR_V100_32env_rr1_bs64_persplit4_ms2 Phoenix avg score 553.40 total_steps 523200 fps 235.43
BTR_V100_32env_rr1_bs64_persplit4_ms2 Phoenix avg score 611.20 total_steps 525600 fps 230.98
BTR_V100_32env_rr1_bs64_persplit4_ms2 Phoenix avg score 620.40 total_steps 528000 fps 235.55
BTR_V100_32env_rr1_bs64_persplit4_ms2 Phoenix avg score 648.80 total_steps 530400 fps 233.61
BTR_V100_32env_rr1_bs64_persplit4_ms2 Phoenix avg score 676.00 total_steps 532800 fps 230.96
BTR_V100_32env_rr1_bs64_persplit4_ms2 Phoenix avg score 690.00 total_steps 535200 fps 234.77
BTR_V100_32env_rr1_bs64_persplit4_ms2 Phoenix avg score 688.60 total_steps 537600 fps 234.97
BTR_V100_32env_rr1_bs64_persplit4_ms2 Phoenix avg score 680.20 total_steps 540000 fps 233.13
BTR_V100_32env_rr1_bs64_persplit4_ms2 Phoenix avg score 677.40 total_steps 542400 fps 235.01
BTR_V100_32env_rr1_bs64_persplit4_ms2 Phoenix avg score 674.60 total_steps 544800 fps 234.20
BTR_V100_32env_rr1_bs64_persplit4_ms2 Phoenix avg score 630.40 total_steps 547200 fps 230.66
BTR_V100_32env_rr1_bs64_persplit4_ms2 Phoenix avg score 639.00 total_steps 549600 fps 234.32
BTR_V100_32env_rr1_bs64_persplit4_ms2 Phoenix avg score 634.40 total_steps 552000 fps 234.35
BTR_V100_32env_rr1_bs64_persplit4_ms2 Phoenix avg score 639.00 total_steps 554400 fps 230.92
BTR_V100_32env_rr1_bs64_persplit4_ms2 Phoenix avg score 630.60 total_steps 556800 fps 235.09
BTR_V100_32env_rr1_bs64_persplit4_ms2 Phoenix avg score 656.20 total_steps 559200 fps 234.37
BTR_V100_32env_rr1_bs64_persplit4_ms2 Phoenix avg score 652.60 total_steps 561600 fps 231.43
BTR_V100_32env_rr1_bs64_persplit4_ms2 Phoenix avg score 636.60 total_steps 564000 fps 235.11
BTR_V100_32env_rr1_bs64_persplit4_ms2 Phoenix avg score 652.80 total_steps 566400 fps 234.72
BTR_V100_32env_rr1_bs64_persplit4_ms2 Phoenix avg score 602.40 total_steps 568800 fps 230.83
BTR_V100_32env_rr1_bs64_persplit4_ms2 Phoenix avg score 566.80 total_steps 571200 fps 235.06
BTR_V100_32env_rr1_bs64_persplit4_ms2 Phoenix avg score 566.80 total_steps 573600 fps 235.93
BTR_V100_32env_rr1_bs64_persplit4_ms2 Phoenix avg score 566.80 total_steps 576000 fps 233.26
BTR_V100_32env_rr1_bs64_persplit4_ms2 Phoenix avg score 584.60 total_steps 578400 fps 236.04
BTR_V100_32env_rr1_bs64_persplit4_ms2 Phoenix avg score 576.60 total_steps 580800 fps 235.97
BTR_V100_32env_rr1_bs64_persplit4_ms2 Phoenix avg score 567.80 total_steps 583200 fps 233.25
BTR_V100_32env_rr1_bs64_persplit4_ms2 Phoenix avg score 567.80 total_steps 585600 fps 236.24
BTR_V100_32env_rr1_bs64_persplit4_ms2 Phoenix avg score 567.80 total_steps 588000 fps 236.06
BTR_V100_32env_rr1_bs64_persplit4_ms2 Phoenix avg score 567.80 total_steps 590400 fps 233.51
BTR_V100_32env_rr1_bs64_persplit4_ms2 Phoenix avg score 544.20 total_steps 592800 fps 235.80
BTR_V100_32env_rr1_bs64_persplit4_ms2 Phoenix avg score 543.80 total_steps 595200 fps 236.14
BTR_V100_32env_rr1_bs64_persplit4_ms2 Phoenix avg score 547.40 total_steps 597600 fps 233.48
BTR_V100_32env_rr1_bs64_persplit4_ms2 Phoenix avg score 552.60 total_steps 600000 fps 235.58
BTR_V100_32env_rr1_bs64_persplit4_ms2 Phoenix avg score 528.40 total_steps 602400 fps 235.06
BTR_V100_32env_rr1_bs64_persplit4_ms2 Phoenix avg score 514.60 total_steps 604800 fps 231.49
BTR_V100_32env_rr1_bs64_persplit4_ms2 Phoenix avg score 509.00 total_steps 607200 fps 234.51
BTR_V100_32env_rr1_bs64_persplit4_ms2 Phoenix avg score 536.80 total_steps 609600 fps 235.96
BTR_V100_32env_rr1_bs64_persplit4_ms2 Phoenix avg score 532.40 total_steps 612000 fps 232.03
BTR_V100_32env_rr1_bs64_persplit4_ms2 Phoenix avg score 492.60 total_steps 614400 fps 234.42
BTR_V100_32env_rr1_bs64_persplit4_ms2 Phoenix avg score 508.60 total_steps 616800 fps 234.25
BTR_V100_32env_rr1_bs64_persplit4_ms2 Phoenix avg score 495.20 total_steps 619200 fps 232.91
BTR_V100_32env_rr1_bs64_persplit4_ms2 Phoenix avg score 494.80 total_steps 621600 fps 236.48
BTR_V100_32env_rr1_bs64_persplit4_ms2 Phoenix avg score 493.60 total_steps 624000 fps 235.90
BTR_V100_32env_rr1_bs64_persplit4_ms2 Phoenix avg score 497.60 total_steps 626400 fps 233.45
BTR_V100_32env_rr1_bs64_persplit4_ms2 Phoenix avg score 495.20 total_steps 628800 fps 234.51
BTR_V100_32env_rr1_bs64_persplit4_ms2 Phoenix avg score 480.20 total_steps 631200 fps 234.93
BTR_V100_32env_rr1_bs64_persplit4_ms2 Phoenix avg score 481.00 total_steps 633600 fps 233.79
BTR_V100_32env_rr1_bs64_persplit4_ms2 Phoenix avg score 487.00 total_steps 636000 fps 236.21
BTR_V100_32env_rr1_bs64_persplit4_ms2 Phoenix avg score 487.00 total_steps 638400 fps 236.91
BTR_V100_32env_rr1_bs64_persplit4_ms2 Phoenix avg score 487.80 total_steps 640800 fps 233.23
BTR_V100_32env_rr1_bs64_persplit4_ms2 Phoenix avg score 563.20 total_steps 643200 fps 233.37
BTR_V100_32env_rr1_bs64_persplit4_ms2 Phoenix avg score 552.80 total_steps 645600 fps 232.96
BTR_V100_32env_rr1_bs64_persplit4_ms2 Phoenix avg score 550.80 total_steps 648000 fps 231.33
BTR_V100_32env_rr1_bs64_persplit4_ms2 Phoenix avg score 621.20 total_steps 650400 fps 233.51
BTR_V100_32env_rr1_bs64_persplit4_ms2 Phoenix avg score 617.60 total_steps 652800 fps 234.32
BTR_V100_32env_rr1_bs64_persplit4_ms2 Phoenix avg score 599.40 total_steps 655200 fps 232.07
BTR_V100_32env_rr1_bs64_persplit4_ms2 Phoenix avg score 611.60 total_steps 657600 fps 235.49
BTR_V100_32env_rr1_bs64_persplit4_ms2 Phoenix avg score 610.00 total_steps 660000 fps 235.87
BTR_V100_32env_rr1_bs64_persplit4_ms2 Phoenix avg score 617.60 total_steps 662400 fps 231.47
BTR_V100_32env_rr1_bs64_persplit4_ms2 Phoenix avg score 633.60 total_steps 664800 fps 233.71
BTR_V100_32env_rr1_bs64_persplit4_ms2 Phoenix avg score 642.20 total_steps 667200 fps 234.43
BTR_V100_32env_rr1_bs64_persplit4_ms2 Phoenix avg score 590.80 total_steps 669600 fps 231.20
BTR_V100_32env_rr1_bs64_persplit4_ms2 Phoenix avg score 588.80 total_steps 672000 fps 233.06
BTR_V100_32env_rr1_bs64_persplit4_ms2 Phoenix avg score 589.60 total_steps 674400 fps 233.94
BTR_V100_32env_rr1_bs64_persplit4_ms2 Phoenix avg score 606.60 total_steps 676800 fps 229.91
BTR_V100_32env_rr1_bs64_persplit4_ms2 Phoenix avg score 667.40 total_steps 679200 fps 234.39
BTR_V100_32env_rr1_bs64_persplit4_ms2 Phoenix avg score 713.00 total_steps 681600 fps 233.79
BTR_V100_32env_rr1_bs64_persplit4_ms2 Phoenix avg score 713.00 total_steps 684000 fps 233.68
BTR_V100_32env_rr1_bs64_persplit4_ms2 Phoenix avg score 643.60 total_steps 686400 fps 236.21
BTR_V100_32env_rr1_bs64_persplit4_ms2 Phoenix avg score 641.60 total_steps 688800 fps 236.47
BTR_V100_32env_rr1_bs64_persplit4_ms2 Phoenix avg score 644.40 total_steps 691200 fps 233.13
BTR_V100_32env_rr1_bs64_persplit4_ms2 Phoenix avg score 659.60 total_steps 693600 fps 235.61
BTR_V100_32env_rr1_bs64_persplit4_ms2 Phoenix avg score 659.60 total_steps 696000 fps 236.71
BTR_V100_32env_rr1_bs64_persplit4_ms2 Phoenix avg score 667.60 total_steps 698400 fps 232.33
BTR_V100_32env_rr1_bs64_persplit4_ms2 Phoenix avg score 693.60 total_steps 700800 fps 235.75
BTR_V100_32env_rr1_bs64_persplit4_ms2 Phoenix avg score 609.80 total_steps 703200 fps 234.19
BTR_V100_32env_rr1_bs64_persplit4_ms2 Phoenix avg score 613.40 total_steps 705600 fps 233.21
BTR_V100_32env_rr1_bs64_persplit4_ms2 Phoenix avg score 615.00 total_steps 708000 fps 235.84
BTR_V100_32env_rr1_bs64_persplit4_ms2 Phoenix avg score 624.80 total_steps 710400 fps 236.04
BTR_V100_32env_rr1_bs64_persplit4_ms2 Phoenix avg score 624.80 total_steps 712800 fps 233.87
BTR_V100_32env_rr1_bs64_persplit4_ms2 Phoenix avg score 634.60 total_steps 715200 fps 235.54
BTR_V100_32env_rr1_bs64_persplit4_ms2 Phoenix avg score 627.80 total_steps 717600 fps 235.60
BTR_V100_32env_rr1_bs64_persplit4_ms2 Phoenix avg score 621.40 total_steps 720000 fps 232.41
BTR_V100_32env_rr1_bs64_persplit4_ms2 Phoenix avg score 620.40 total_steps 722400 fps 235.43
BTR_V100_32env_rr1_bs64_persplit4_ms2 Phoenix avg score 623.60 total_steps 724800 fps 235.28
BTR_V100_32env_rr1_bs64_persplit4_ms2 Phoenix avg score 628.00 total_steps 727200 fps 231.84
BTR_V100_32env_rr1_bs64_persplit4_ms2 Phoenix avg score 629.60 total_steps 729600 fps 235.37
BTR_V100_32env_rr1_bs64_persplit4_ms2 Phoenix avg score 656.20 total_steps 732000 fps 234.96
BTR_V100_32env_rr1_bs64_persplit4_ms2 Phoenix avg score 654.20 total_steps 734400 fps 233.30
BTR_V100_32env_rr1_bs64_persplit4_ms2 Phoenix avg score 647.00 total_steps 736800 fps 236.57
BTR_V100_32env_rr1_bs64_persplit4_ms2 Phoenix avg score 603.80 total_steps 739200 fps 235.31
BTR_V100_32env_rr1_bs64_persplit4_ms2 Phoenix avg score 579.00 total_steps 741600 fps 232.18
BTR_V100_32env_rr1_bs64_persplit4_ms2 Phoenix avg score 609.80 total_steps 744000 fps 235.16
BTR_V100_32env_rr1_bs64_persplit4_ms2 Phoenix avg score 560.60 total_steps 746400 fps 234.67
BTR_V100_32env_rr1_bs64_persplit4_ms2 Phoenix avg score 556.60 total_steps 748800 fps 231.27
BTR_V100_32env_rr1_bs64_persplit4_ms2 Phoenix avg score 564.20 total_steps 751200 fps 234.28
BTR_V100_32env_rr1_bs64_persplit4_ms2 Phoenix avg score 534.20 total_steps 753600 fps 233.83
BTR_V100_32env_rr1_bs64_persplit4_ms2 Phoenix avg score 584.20 total_steps 756000 fps 230.40
BTR_V100_32env_rr1_bs64_persplit4_ms2 Phoenix avg score 584.20 total_steps 758400 fps 236.46
BTR_V100_32env_rr1_bs64_persplit4_ms2 Phoenix avg score 568.00 total_steps 760800 fps 235.85
BTR_V100_32env_rr1_bs64_persplit4_ms2 Phoenix avg score 577.60 total_steps 763200 fps 231.70
BTR_V100_32env_rr1_bs64_persplit4_ms2 Phoenix avg score 580.80 total_steps 765600 fps 234.61
BTR_V100_32env_rr1_bs64_persplit4_ms2 Phoenix avg score 627.20 total_steps 768000 fps 235.07
BTR_V100_32env_rr1_bs64_persplit4_ms2 Phoenix avg score 654.60 total_steps 770400 fps 230.54
BTR_V100_32env_rr1_bs64_persplit4_ms2 Phoenix avg score 696.40 total_steps 772800 fps 235.03
BTR_V100_32env_rr1_bs64_persplit4_ms2 Phoenix avg score 692.40 total_steps 775200 fps 233.16
BTR_V100_32env_rr1_bs64_persplit4_ms2 Phoenix avg score 674.00 total_steps 777600 fps 234.11
BTR_V100_32env_rr1_bs64_persplit4_ms2 Phoenix avg score 723.60 total_steps 780000 fps 234.64
BTR_V100_32env_rr1_bs64_persplit4_ms2 Phoenix avg score 702.80 total_steps 782400 fps 231.67
BTR_V100_32env_rr1_bs64_persplit4_ms2 Phoenix avg score 696.80 total_steps 784800 fps 235.23
BTR_V100_32env_rr1_bs64_persplit4_ms2 Phoenix avg score 692.80 total_steps 787200 fps 235.36
BTR_V100_32env_rr1_bs64_persplit4_ms2 Phoenix avg score 705.20 total_steps 789600 fps 232.87
BTR_V100_32env_rr1_bs64_persplit4_ms2 Phoenix avg score 693.60 total_steps 792000 fps 234.76
BTR_V100_32env_rr1_bs64_persplit4_ms2 Phoenix avg score 711.60 total_steps 794400 fps 233.59
BTR_V100_32env_rr1_bs64_persplit4_ms2 Phoenix avg score 711.60 total_steps 796800 fps 232.83
BTR_V100_32env_rr1_bs64_persplit4_ms2 Phoenix avg score 695.40 total_steps 799200 fps 233.15
BTR_V100_32env_rr1_bs64_persplit4_ms2 Phoenix avg score 699.00 total_steps 801600 fps 234.42
BTR_V100_32env_rr1_bs64_persplit4_ms2 Phoenix avg score 702.20 total_steps 804000 fps 231.89
BTR_V100_32env_rr1_bs64_persplit4_ms2 Phoenix avg score 654.00 total_steps 806400 fps 234.12
BTR_V100_32env_rr1_bs64_persplit4_ms2 Phoenix avg score 631.40 total_steps 808800 fps 235.01
BTR_V100_32env_rr1_bs64_persplit4_ms2 Phoenix avg score 633.00 total_steps 811200 fps 232.26
BTR_V100_32env_rr1_bs64_persplit4_ms2 Phoenix avg score 621.40 total_steps 813600 fps 233.58
BTR_V100_32env_rr1_bs64_persplit4_ms2 Phoenix avg score 599.80 total_steps 816000 fps 235.22
BTR_V100_32env_rr1_bs64_persplit4_ms2 Phoenix avg score 586.60 total_steps 818400 fps 232.96
BTR_V100_32env_rr1_bs64_persplit4_ms2 Phoenix avg score 607.00 total_steps 820800 fps 234.56
BTR_V100_32env_rr1_bs64_persplit4_ms2 Phoenix avg score 624.20 total_steps 823200 fps 234.65
BTR_V100_32env_rr1_bs64_persplit4_ms2 Phoenix avg score 676.00 total_steps 825600 fps 231.06
BTR_V100_32env_rr1_bs64_persplit4_ms2 Phoenix avg score 669.60 total_steps 828000 fps 234.81
BTR_V100_32env_rr1_bs64_persplit4_ms2 Phoenix avg score 662.80 total_steps 830400 fps 235.34
BTR_V100_32env_rr1_bs64_persplit4_ms2 Phoenix avg score 678.60 total_steps 832800 fps 231.77
BTR_V100_32env_rr1_bs64_persplit4_ms2 Phoenix avg score 642.60 total_steps 835200 fps 234.24
BTR_V100_32env_rr1_bs64_persplit4_ms2 Phoenix avg score 615.60 total_steps 837600 fps 234.94
Completed 20000 gradient steps
BTR_V100_32env_rr1_bs64_persplit4_ms2 Phoenix avg score 572.00 total_steps 840000 fps 231.61
BTR_V100_32env_rr1_bs64_persplit4_ms2 Phoenix avg score 567.20 total_steps 842400 fps 235.37
BTR_V100_32env_rr1_bs64_persplit4_ms2 Phoenix avg score 551.00 total_steps 844800 fps 235.07
BTR_V100_32env_rr1_bs64_persplit4_ms2 Phoenix avg score 534.20 total_steps 847200 fps 232.37
BTR_V100_32env_rr1_bs64_persplit4_ms2 Phoenix avg score 513.40 total_steps 849600 fps 235.53
BTR_V100_32env_rr1_bs64_persplit4_ms2 Phoenix avg score 506.60 total_steps 852000 fps 235.28
BTR_V100_32env_rr1_bs64_persplit4_ms2 Phoenix avg score 510.20 total_steps 854400 fps 232.23
BTR_V100_32env_rr1_bs64_persplit4_ms2 Phoenix avg score 543.40 total_steps 856800 fps 235.27
BTR_V100_32env_rr1_bs64_persplit4_ms2 Phoenix avg score 537.00 total_steps 859200 fps 235.80
BTR_V100_32env_rr1_bs64_persplit4_ms2 Phoenix avg score 465.80 total_steps 861600 fps 232.51
BTR_V100_32env_rr1_bs64_persplit4_ms2 Phoenix avg score 465.80 total_steps 864000 fps 236.56
BTR_V100_32env_rr1_bs64_persplit4_ms2 Phoenix avg score 489.00 total_steps 866400 fps 235.01
BTR_V100_32env_rr1_bs64_persplit4_ms2 Phoenix avg score 448.80 total_steps 868800 fps 231.93
BTR_V100_32env_rr1_bs64_persplit4_ms2 Phoenix avg score 453.80 total_steps 871200 fps 233.54
BTR_V100_32env_rr1_bs64_persplit4_ms2 Phoenix avg score 456.60 total_steps 873600 fps 234.56
BTR_V100_32env_rr1_bs64_persplit4_ms2 Phoenix avg score 459.00 total_steps 876000 fps 231.90
BTR_V100_32env_rr1_bs64_persplit4_ms2 Phoenix avg score 478.60 total_steps 878400 fps 234.15
BTR_V100_32env_rr1_bs64_persplit4_ms2 Phoenix avg score 543.20 total_steps 880800 fps 234.90
BTR_V100_32env_rr1_bs64_persplit4_ms2 Phoenix avg score 543.20 total_steps 883200 fps 233.36
BTR_V100_32env_rr1_bs64_persplit4_ms2 Phoenix avg score 549.20 total_steps 885600 fps 234.81
BTR_V100_32env_rr1_bs64_persplit4_ms2 Phoenix avg score 549.20 total_steps 888000 fps 235.48
BTR_V100_32env_rr1_bs64_persplit4_ms2 Phoenix avg score 565.00 total_steps 890400 fps 232.89
BTR_V100_32env_rr1_bs64_persplit4_ms2 Phoenix avg score 569.00 total_steps 892800 fps 235.13
BTR_V100_32env_rr1_bs64_persplit4_ms2 Phoenix avg score 572.40 total_steps 895200 fps 233.21
BTR_V100_32env_rr1_bs64_persplit4_ms2 Phoenix avg score 596.60 total_steps 897600 fps 230.13
BTR_V100_32env_rr1_bs64_persplit4_ms2 Phoenix avg score 636.00 total_steps 900000 fps 232.93
BTR_V100_32env_rr1_bs64_persplit4_ms2 Phoenix avg score 636.00 total_steps 902400 fps 234.83
BTR_V100_32env_rr1_bs64_persplit4_ms2 Phoenix avg score 645.20 total_steps 904800 fps 232.58
BTR_V100_32env_rr1_bs64_persplit4_ms2 Phoenix avg score 616.80 total_steps 907200 fps 234.61
BTR_V100_32env_rr1_bs64_persplit4_ms2 Phoenix avg score 605.20 total_steps 909600 fps 235.13
BTR_V100_32env_rr1_bs64_persplit4_ms2 Phoenix avg score 647.00 total_steps 912000 fps 231.19
BTR_V100_32env_rr1_bs64_persplit4_ms2 Phoenix avg score 647.00 total_steps 914400 fps 235.96
BTR_V100_32env_rr1_bs64_persplit4_ms2 Phoenix avg score 628.60 total_steps 916800 fps 234.77
BTR_V100_32env_rr1_bs64_persplit4_ms2 Phoenix avg score 614.60 total_steps 919200 fps 232.49
BTR_V100_32env_rr1_bs64_persplit4_ms2 Phoenix avg score 634.00 total_steps 921600 fps 234.37
BTR_V100_32env_rr1_bs64_persplit4_ms2 Phoenix avg score 628.20 total_steps 924000 fps 234.24
BTR_V100_32env_rr1_bs64_persplit4_ms2 Phoenix avg score 656.40 total_steps 926400 fps 231.92
BTR_V100_32env_rr1_bs64_persplit4_ms2 Phoenix avg score 658.20 total_steps 928800 fps 235.26
BTR_V100_32env_rr1_bs64_persplit4_ms2 Phoenix avg score 670.60 total_steps 931200 fps 234.34
BTR_V100_32env_rr1_bs64_persplit4_ms2 Phoenix avg score 666.80 total_steps 933600 fps 230.23
BTR_V100_32env_rr1_bs64_persplit4_ms2 Phoenix avg score 642.60 total_steps 936000 fps 233.58
BTR_V100_32env_rr1_bs64_persplit4_ms2 Phoenix avg score 657.40 total_steps 938400 fps 233.95
BTR_V100_32env_rr1_bs64_persplit4_ms2 Phoenix avg score 660.40 total_steps 940800 fps 232.71
BTR_V100_32env_rr1_bs64_persplit4_ms2 Phoenix avg score 685.60 total_steps 943200 fps 234.59
BTR_V100_32env_rr1_bs64_persplit4_ms2 Phoenix avg score 761.80 total_steps 945600 fps 234.98
BTR_V100_32env_rr1_bs64_persplit4_ms2 Phoenix avg score 761.80 total_steps 948000 fps 231.78
BTR_V100_32env_rr1_bs64_persplit4_ms2 Phoenix avg score 761.80 total_steps 950400 fps 235.45
BTR_V100_32env_rr1_bs64_persplit4_ms2 Phoenix avg score 724.20 total_steps 952800 fps 233.82
BTR_V100_32env_rr1_bs64_persplit4_ms2 Phoenix avg score 734.80 total_steps 955200 fps 232.75
BTR_V100_32env_rr1_bs64_persplit4_ms2 Phoenix avg score 734.80 total_steps 957600 fps 235.92
BTR_V100_32env_rr1_bs64_persplit4_ms2 Phoenix avg score 734.80 total_steps 960000 fps 236.02
BTR_V100_32env_rr1_bs64_persplit4_ms2 Phoenix avg score 754.80 total_steps 962400 fps 232.44
BTR_V100_32env_rr1_bs64_persplit4_ms2 Phoenix avg score 755.60 total_steps 964800 fps 234.76
BTR_V100_32env_rr1_bs64_persplit4_ms2 Phoenix avg score 772.20 total_steps 967200 fps 234.09
BTR_V100_32env_rr1_bs64_persplit4_ms2 Phoenix avg score 708.80 total_steps 969600 fps 231.19
BTR_V100_32env_rr1_bs64_persplit4_ms2 Phoenix avg score 706.60 total_steps 972000 fps 233.76
BTR_V100_32env_rr1_bs64_persplit4_ms2 Phoenix avg score 706.60 total_steps 974400 fps 234.82
BTR_V100_32env_rr1_bs64_persplit4_ms2 Phoenix avg score 715.60 total_steps 976800 fps 231.15
BTR_V100_32env_rr1_bs64_persplit4_ms2 Phoenix avg score 721.20 total_steps 979200 fps 234.89
BTR_V100_32env_rr1_bs64_persplit4_ms2 Phoenix avg score 721.20 total_steps 981600 fps 235.36
BTR_V100_32env_rr1_bs64_persplit4_ms2 Phoenix avg score 722.80 total_steps 984000 fps 232.69
BTR_V100_32env_rr1_bs64_persplit4_ms2 Phoenix avg score 730.20 total_steps 986400 fps 234.80
BTR_V100_32env_rr1_bs64_persplit4_ms2 Phoenix avg score 697.80 total_steps 988800 fps 233.37
BTR_V100_32env_rr1_bs64_persplit4_ms2 Phoenix avg score 671.20 total_steps 991200 fps 229.36
BTR_V100_32env_rr1_bs64_persplit4_ms2 Phoenix avg score 656.60 total_steps 993600 fps 235.52
BTR_V100_32env_rr1_bs64_persplit4_ms2 Phoenix avg score 597.80 total_steps 996000 fps 234.05
BTR_V100_32env_rr1_bs64_persplit4_ms2 Phoenix avg score 591.00 total_steps 998400 fps 232.50
Evaluating
Traceback (most recent call last):
  File "/mainfs/home/tjc2g19/BeyondTheRainbow/main.py", line 172, in <module>
    eval_scores[i] += eval_reward[i]
                      ~~~~~~~~~~~^^^
IndexError: index 4 is out of bounds for axis 0 with size 4